<?xml version="1.0" encoding="UTF-8"?>
<testsuites>
  <testsuite name="Exercice PHP" tests="23" assertions="64" errors="0" failures="0" skipped="0" time="0.038059">
    <testsuite name="MDApiClientTest" file="/home/clotaire/www/mapadirectSDK/tests/MDApiClientTest.php" tests="6" assertions="13" errors="0" failures="0" skipped="0" time="0.014168">
      <testcase name="testGetApiUrl" class="MDApiClientTest" classname="MDApiClientTest" file="/home/clotaire/www/mapadirectSDK/tests/MDApiClientTest.php" line="25" assertions="1" time="0.004927"/>
      <testcase name="testSetApiUrl" class="MDApiClientTest" classname="MDApiClientTest" file="/home/clotaire/www/mapadirectSDK/tests/MDApiClientTest.php" line="30" assertions="1" time="0.001102"/>
      <testcase name="testRealWrapperNameGetWrapper" class="MDApiClientTest" classname="MDApiClientTest" file="/home/clotaire/www/mapadirectSDK/tests/MDApiClientTest.php" line="37" assertions="8" time="0.003944"/>
      <testcase name="testWrongWrapperNameGetWrapper" class="MDApiClientTest" classname="MDApiClientTest" file="/home/clotaire/www/mapadirectSDK/tests/MDApiClientTest.php" line="44" assertions="1" time="0.001591"/>
      <testcase name="testGetResponse" class="MDApiClientTest" classname="MDApiClientTest" file="/home/clotaire/www/mapadirectSDK/tests/MDApiClientTest.php" line="51" assertions="1" time="0.001534"/>
      <testcase name="testSetResponse" class="MDApiClientTest" classname="MDApiClientTest" file="/home/clotaire/www/mapadirectSDK/tests/MDApiClientTest.php" line="57" assertions="1" time="0.001070"/>
    </testsuite>
    <testsuite name="MDApiResponseTest" file="/home/clotaire/www/mapadirectSDK/tests/MDApiResponseTest.php" tests="3" assertions="4" errors="0" failures="0" skipped="0" time="0.004443">
      <testcase name="testContent" class="MDApiResponseTest" classname="MDApiResponseTest" file="/home/clotaire/www/mapadirectSDK/tests/MDApiResponseTest.php" line="31" assertions="1" time="0.002042"/>
      <testcase name="testSetStatus" class="MDApiResponseTest" classname="MDApiResponseTest" file="/home/clotaire/www/mapadirectSDK/tests/MDApiResponseTest.php" line="39" assertions="2" time="0.001372"/>
      <testcase name="testError" class="MDApiResponseTest" classname="MDApiResponseTest" file="/home/clotaire/www/mapadirectSDK/tests/MDApiResponseTest.php" line="47" assertions="1" time="0.001029"/>
    </testsuite>
    <testsuite name="MDApiWrapperAddProductTest" file="/home/clotaire/www/mapadirectSDK/tests/MDApiWrapperAddProductTest.php" tests="2" assertions="7" errors="0" failures="0" skipped="0" time="0.003466">
      <testcase name="testGetSet" class="MDApiWrapperAddProductTest" classname="MDApiWrapperAddProductTest" file="/home/clotaire/www/mapadirectSDK/tests/MDApiWrapperAddProductTest.php" line="31" assertions="3" time="0.001831"/>
      <testcase name="testCheck" class="MDApiWrapperAddProductTest" classname="MDApiWrapperAddProductTest" file="/home/clotaire/www/mapadirectSDK/tests/MDApiWrapperAddProductTest.php" line="44" assertions="4" time="0.001635"/>
    </testsuite>
    <testsuite name="MDApiWrapperAuthTest" file="/home/clotaire/www/mapadirectSDK/tests/MDApiWrapperAuthTest.php" tests="2" assertions="9" errors="0" failures="0" skipped="0" time="0.002946">
      <testcase name="testSetGet" class="MDApiWrapperAuthTest" classname="MDApiWrapperAuthTest" file="/home/clotaire/www/mapadirectSDK/tests/MDApiWrapperAuthTest.php" line="31" assertions="7" time="0.001767"/>
      <testcase name="testCheck" class="MDApiWrapperAuthTest" classname="MDApiWrapperAuthTest" file="/home/clotaire/www/mapadirectSDK/tests/MDApiWrapperAuthTest.php" line="60" assertions="2" time="0.001179"/>
    </testsuite>
    <testsuite name="MDApiWrapperDeleteProductTest" file="/home/clotaire/www/mapadirectSDK/tests/MDApiWrapperDeleteProductTest.php" tests="2" assertions="6" errors="0" failures="0" skipped="0" time="0.002532">
      <testcase name="testGetSet" class="MDApiWrapperDeleteProductTest" classname="MDApiWrapperDeleteProductTest" file="/home/clotaire/www/mapadirectSDK/tests/MDApiWrapperDeleteProductTest.php" line="31" assertions="3" time="0.001253"/>
      <testcase name="testCheck" class="MDApiWrapperDeleteProductTest" classname="MDApiWrapperDeleteProductTest" file="/home/clotaire/www/mapadirectSDK/tests/MDApiWrapperDeleteProductTest.php" line="44" assertions="3" time="0.001279"/>
    </testsuite>
    <testsuite name="MDApiWrapperGetCategoriesTest" file="/home/clotaire/www/mapadirectSDK/tests/MDApiWrapperGetCategoriesTest.php" tests="1" assertions="3" errors="0" failures="0" skipped="0" time="0.001215">
      <testcase name="testGetSet" class="MDApiWrapperGetCategoriesTest" classname="MDApiWrapperGetCategoriesTest" file="/home/clotaire/www/mapadirectSDK/tests/MDApiWrapperGetCategoriesTest.php" line="31" assertions="3" time="0.001215"/>
    </testsuite>
    <testsuite name="MDApiWrapperGetProductTest" file="/home/clotaire/www/mapadirectSDK/tests/MDApiWrapperGetProductTest.php" tests="2" assertions="6" errors="0" failures="0" skipped="0" time="0.002543">
      <testcase name="testGetSet" class="MDApiWrapperGetProductTest" classname="MDApiWrapperGetProductTest" file="/home/clotaire/www/mapadirectSDK/tests/MDApiWrapperGetProductTest.php" line="32" assertions="3" time="0.001227"/>
      <testcase name="testCheck" class="MDApiWrapperGetProductTest" classname="MDApiWrapperGetProductTest" file="/home/clotaire/www/mapadirectSDK/tests/MDApiWrapperGetProductTest.php" line="45" assertions="3" time="0.001316"/>
    </testsuite>
    <testsuite name="MDApiWrapperGetTaxesTest" file="/home/clotaire/www/mapadirectSDK/tests/MDApiWrapperGetTaxesTest.php" tests="1" assertions="2" errors="0" failures="0" skipped="0" time="0.001205">
      <testcase name="testGetSet" class="MDApiWrapperGetTaxesTest" classname="MDApiWrapperGetTaxesTest" file="/home/clotaire/www/mapadirectSDK/tests/MDApiWrapperGetTaxesTest.php" line="31" assertions="2" time="0.001205"/>
    </testsuite>
    <testsuite name="MDApiWrapperSetShippingProductTest" file="/home/clotaire/www/mapadirectSDK/tests/MDApiWrapperSetShippingProductTest.php" tests="2" assertions="7" errors="0" failures="0" skipped="0" time="0.002680">
      <testcase name="testSetGet" class="MDApiWrapperSetShippingProductTest" classname="MDApiWrapperSetShippingProductTest" file="/home/clotaire/www/mapadirectSDK/tests/MDApiWrapperSetShippingProductTest.php" line="9" assertions="4" time="0.001435"/>
      <testcase name="testCheck" class="MDApiWrapperSetShippingProductTest" classname="MDApiWrapperSetShippingProductTest" file="/home/clotaire/www/mapadirectSDK/tests/MDApiWrapperSetShippingProductTest.php" line="26" assertions="3" time="0.001245"/>
    </testsuite>
    <testsuite name="MDApiWrapperUpdateProductTest" file="/home/clotaire/www/mapadirectSDK/tests/MDApiWrapperUpdateProductTest.php" tests="2" assertions="7" errors="0" failures="0" skipped="0" time="0.002861">
      <testcase name="testGetSet" class="MDApiWrapperUpdateProductTest" classname="MDApiWrapperUpdateProductTest" file="/home/clotaire/www/mapadirectSDK/tests/MDApiWrapperUpdateProductTest.php" line="31" assertions="4" time="0.001402"/>
      <testcase name="testCheck" class="MDApiWrapperUpdateProductTest" classname="MDApiWrapperUpdateProductTest" file="/home/clotaire/www/mapadirectSDK/tests/MDApiWrapperUpdateProductTest.php" line="47" assertions="3" time="0.001459"/>
    </testsuite>
  </testsuite>
</testsuites>
